2023-08-06 07:56:24.973440 - Initialized conversion of CBT847
2023-08-06 07:56:29.562752 - Received CBT.V505.FILE847.PDS from FILE847.XMI 
2023-08-06 07:56:29.565421 - Found $$$#DATE.txt (text/plain) in CBT.V505.FILE847.PDS, moved to PDS/$$$#DATE
2023-08-06 07:56:29.566417 - Found @FILE847.txt (text/plain) in CBT.V505.FILE847.PDS, moved to PDS/@FILE847
2023-08-06 07:56:29.567489 - Found @HISTRY.txt (text/plain) in CBT.V505.FILE847.PDS, moved to PDS/@HISTRY
2023-08-06 07:56:29.568659 - Found @PGMDOC.txt (text/plain) in CBT.V505.FILE847.PDS, moved to PDS/@PGMDOC
2023-08-06 07:56:29.569658 - Found ASMLINK1.jcl (text/plain) in CBT.V505.FILE847.PDS, moved to PDS/ASMLINK1
2023-08-06 07:56:29.570839 - Found COPYMOD#.txt (text/plain) in CBT.V505.FILE847.PDS, moved to PDS/COPYMOD#
2023-08-06 07:56:29.571876 - Found COPYMODO.txt (text/plain) in CBT.V505.FILE847.PDS, moved to PDS/COPYMODO
2023-08-06 07:56:29.573348 - Found COPYMODS.txt (text/plain) in CBT.V505.FILE847.PDS, moved to PDS/COPYMODS
2023-08-06 07:56:29.574434 - Found COPYMO02.txt (text/plain) in CBT.V505.FILE847.PDS, moved to PDS/COPYMO02
2023-08-06 07:56:29.575401 - Found COPYMO04.txt (text/plain) in CBT.V505.FILE847.PDS, moved to PDS/COPYMO04
2023-08-06 07:56:29.576498 - Found COPYMO05.txt (text/plain) in CBT.V505.FILE847.PDS, moved to PDS/COPYMO05
2023-08-06 07:56:29.577480 - Found COPYMO09.txt (text/plain) in CBT.V505.FILE847.PDS, moved to PDS/COPYMO09
2023-08-06 07:56:29.578463 - Found COPYMO10.txt (text/plain) in CBT.V505.FILE847.PDS, moved to PDS/COPYMO10
2023-08-06 07:56:29.579484 - Found COPYMO11.txt (text/plain) in CBT.V505.FILE847.PDS, moved to PDS/COPYMO11
2023-08-06 07:56:29.580451 - Found COPYMO14.txt (text/plain) in CBT.V505.FILE847.PDS, moved to PDS/COPYMO14
2023-08-06 07:56:29.581444 - Found COPYMO15.txt (text/plain) in CBT.V505.FILE847.PDS, moved to PDS/COPYMO15
2023-08-06 07:56:29.582480 - Found COPYMO16.txt (text/plain) in CBT.V505.FILE847.PDS, moved to PDS/COPYMO16
2023-08-06 07:56:29.583570 - Found COPYMO17.txt (text/plain) in CBT.V505.FILE847.PDS, moved to PDS/COPYMO17
2023-08-06 07:56:29.584614 - Found COPYMO18.txt (text/plain) in CBT.V505.FILE847.PDS, moved to PDS/COPYMO18
2023-08-06 07:56:29.585664 - Found COPYMO19.txt (text/plain) in CBT.V505.FILE847.PDS, moved to PDS/COPYMO19
2023-08-06 07:56:29.586722 - Found COPYMO20.txt (text/plain) in CBT.V505.FILE847.PDS, moved to PDS/COPYMO20
2023-08-06 07:56:29.587734 - Found COPYMO21.txt (text/plain) in CBT.V505.FILE847.PDS, moved to PDS/COPYMO21
2023-08-06 07:56:29.588768 - Found COPYMO22.txt (text/plain) in CBT.V505.FILE847.PDS, moved to PDS/COPYMO22
2023-08-06 07:56:29.589998 - Found COPYMO23.txt (text/plain) in CBT.V505.FILE847.PDS, moved to PDS/COPYMO23
2023-08-06 07:56:29.591065 - Found COPYMO24.txt (text/plain) in CBT.V505.FILE847.PDS, moved to PDS/COPYMO24
2023-08-06 07:56:29.592178 - Found COPYMO25.txt (text/plain) in CBT.V505.FILE847.PDS, moved to PDS/COPYMO25
2023-08-06 07:56:29.593294 - Found COPYMO26.txt (text/plain) in CBT.V505.FILE847.PDS, moved to PDS/COPYMO26
2023-08-06 07:56:29.594372 - Found COPYMO27.txt (text/plain) in CBT.V505.FILE847.PDS, moved to PDS/COPYMO27
2023-08-06 07:56:29.595392 - Found COPYMO28.txt (text/plain) in CBT.V505.FILE847.PDS, moved to PDS/COPYMO28
2023-08-06 07:56:29.596434 - Found COPYMO29.txt (text/plain) in CBT.V505.FILE847.PDS, moved to PDS/COPYMO29
2023-08-06 07:56:29.597488 - Found COPYMO31.txt (text/plain) in CBT.V505.FILE847.PDS, moved to PDS/COPYMO31
2023-08-06 07:56:29.598658 - Found COPYMO32.txt (text/plain) in CBT.V505.FILE847.PDS, moved to PDS/COPYMO32
2023-08-06 07:56:29.599847 - Found COPYMO33.txt (text/plain) in CBT.V505.FILE847.PDS, moved to PDS/COPYMO33
2023-08-06 07:56:29.601119 - Found COPYMO34.txt (text/plain) in CBT.V505.FILE847.PDS, moved to PDS/COPYMO34
2023-08-06 07:56:29.602263 - Found COPYMO35.txt (text/plain) in CBT.V505.FILE847.PDS, moved to PDS/COPYMO35
2023-08-06 07:56:29.603467 - Found COPYMO36.txt (text/plain) in CBT.V505.FILE847.PDS, moved to PDS/COPYMO36
2023-08-06 07:56:29.604714 - Found COPYMO37.txt (text/plain) in CBT.V505.FILE847.PDS, moved to PDS/COPYMO37
2023-08-06 07:56:29.605949 - Found COPYMO38.txt (text/plain) in CBT.V505.FILE847.PDS, moved to PDS/COPYMO38
2023-08-06 07:56:29.607096 - Found COPYMO39.txt (text/plain) in CBT.V505.FILE847.PDS, moved to PDS/COPYMO39
2023-08-06 07:56:29.608446 - Found COPYMO40.txt (text/plain) in CBT.V505.FILE847.PDS, moved to PDS/COPYMO40
2023-08-06 07:56:29.609797 - Found COPYMO41.txt (text/plain) in CBT.V505.FILE847.PDS, moved to PDS/COPYMO41
2023-08-06 07:56:29.611185 - Found COPYMO42.txt (text/plain) in CBT.V505.FILE847.PDS, moved to PDS/COPYMO42
2023-08-06 07:56:29.612487 - Found COPYMO43.txt (text/plain) in CBT.V505.FILE847.PDS, moved to PDS/COPYMO43
2023-08-06 07:56:29.613793 - Found COPYMO44.txt (text/plain) in CBT.V505.FILE847.PDS, moved to PDS/COPYMO44
2023-08-06 07:56:29.615060 - Found COPYMO45.txt (text/plain) in CBT.V505.FILE847.PDS, moved to PDS/COPYMO45
2023-08-06 07:56:29.616453 - Found COPYMO46.txt (text/plain) in CBT.V505.FILE847.PDS, moved to PDS/COPYMO46
2023-08-06 07:56:29.617744 - Found COPYMO47.txt (text/plain) in CBT.V505.FILE847.PDS, moved to PDS/COPYMO47
2023-08-06 07:56:29.619124 - Found COPYMO48.txt (text/plain) in CBT.V505.FILE847.PDS, moved to PDS/COPYMO48
2023-08-06 07:56:29.620624 - Found COPYMO49.txt (text/plain) in CBT.V505.FILE847.PDS, moved to PDS/COPYMO49
2023-08-06 07:56:29.621929 - Found COPYMO50.txt (text/plain) in CBT.V505.FILE847.PDS, moved to PDS/COPYMO50
2023-08-06 07:56:29.623200 - Found COPYMO51.txt (text/plain) in CBT.V505.FILE847.PDS, moved to PDS/COPYMO51
2023-08-06 07:56:29.624462 - Found COPYMO52.txt (text/plain) in CBT.V505.FILE847.PDS, moved to PDS/COPYMO52
2023-08-06 07:56:29.625786 - Found COPYMO53.txt (text/plain) in CBT.V505.FILE847.PDS, moved to PDS/COPYMO53
2023-08-06 07:56:29.626974 - Found COPYMO54.txt (text/plain) in CBT.V505.FILE847.PDS, moved to PDS/COPYMO54
2023-08-06 07:56:29.628248 - Found COPYMO55.txt (text/plain) in CBT.V505.FILE847.PDS, moved to PDS/COPYMO55
2023-08-06 07:56:29.629538 - Found COPYMO56.txt (text/plain) in CBT.V505.FILE847.PDS, moved to PDS/COPYMO56
2023-08-06 07:56:29.630681 - Found COPYMO57.txt (text/plain) in CBT.V505.FILE847.PDS, moved to PDS/COPYMO57
2023-08-06 07:56:29.631903 - Found COPYMO58.txt (text/plain) in CBT.V505.FILE847.PDS, moved to PDS/COPYMO58
2023-08-06 07:56:29.633168 - Found COPYMO59.txt (text/plain) in CBT.V505.FILE847.PDS, moved to PDS/COPYMO59
2023-08-06 07:56:29.634340 - Found COPYMO60.txt (text/plain) in CBT.V505.FILE847.PDS, moved to PDS/COPYMO60
2023-08-06 07:56:29.635732 - Found COPYMO61.txt (text/plain) in CBT.V505.FILE847.PDS, moved to PDS/COPYMO61
2023-08-06 07:56:29.637048 - Found COPYMO62.txt (text/plain) in CBT.V505.FILE847.PDS, moved to PDS/COPYMO62
2023-08-06 07:56:29.638452 - Found COPYMO63.txt (text/plain) in CBT.V505.FILE847.PDS, moved to PDS/COPYMO63
2023-08-06 07:56:29.639841 - Found COPYMO64.txt (text/plain) in CBT.V505.FILE847.PDS, moved to PDS/COPYMO64
2023-08-06 07:56:29.641281 - Found COPYMO65.txt (text/plain) in CBT.V505.FILE847.PDS, moved to PDS/COPYMO65
2023-08-06 07:56:29.642704 - Found COPYMO66.txt (text/plain) in CBT.V505.FILE847.PDS, moved to PDS/COPYMO66
2023-08-06 07:56:29.644032 - Found COPYMO67.txt (text/plain) in CBT.V505.FILE847.PDS, moved to PDS/COPYMO67
2023-08-06 07:56:29.645413 - Found COPYMO68.txt (text/plain) in CBT.V505.FILE847.PDS, moved to PDS/COPYMO68
2023-08-06 07:56:29.647003 - Found COPYMO69.txt (text/plain) in CBT.V505.FILE847.PDS, moved to PDS/COPYMO69
2023-08-06 07:56:29.648259 - Found COPYMO70.txt (text/plain) in CBT.V505.FILE847.PDS, moved to PDS/COPYMO70
2023-08-06 07:56:29.649601 - Found COPYMO71.txt (text/plain) in CBT.V505.FILE847.PDS, moved to PDS/COPYMO71
2023-08-06 07:56:29.650799 - Found COPYMO72.txt (text/plain) in CBT.V505.FILE847.PDS, moved to PDS/COPYMO72
2023-08-06 07:56:29.651995 - Found COPYMO73.txt (text/plain) in CBT.V505.FILE847.PDS, moved to PDS/COPYMO73
2023-08-06 07:56:29.653282 - Found COPYMO74.txt (text/plain) in CBT.V505.FILE847.PDS, moved to PDS/COPYMO74
2023-08-06 07:56:29.654465 - Found COPYMO75.txt (text/plain) in CBT.V505.FILE847.PDS, moved to PDS/COPYMO75
2023-08-06 07:56:29.655844 - Found COPYMO76.txt (text/plain) in CBT.V505.FILE847.PDS, moved to PDS/COPYMO76
2023-08-06 07:56:29.657160 - Found COPYMO77.txt (text/plain) in CBT.V505.FILE847.PDS, moved to PDS/COPYMO77
2023-08-06 07:56:29.658487 - Found COPYMO78.txt (text/plain) in CBT.V505.FILE847.PDS, moved to PDS/COPYMO78
2023-08-06 07:56:29.659747 - Found COPYMO79.txt (text/plain) in CBT.V505.FILE847.PDS, moved to PDS/COPYMO79
2023-08-06 07:56:29.660981 - Found COPYMO80.txt (text/plain) in CBT.V505.FILE847.PDS, moved to PDS/COPYMO80
2023-08-06 07:56:29.662546 - Found COPYMO81.txt (text/plain) in CBT.V505.FILE847.PDS, moved to PDS/COPYMO81
2023-08-06 07:56:29.663845 - Found COPYMO82.txt (text/plain) in CBT.V505.FILE847.PDS, moved to PDS/COPYMO82
2023-08-06 07:56:29.665113 - Found COPYMO83.txt (text/plain) in CBT.V505.FILE847.PDS, moved to PDS/COPYMO83
2023-08-06 07:56:29.666481 - Found COPYMO84.txt (text/plain) in CBT.V505.FILE847.PDS, moved to PDS/COPYMO84
2023-08-06 07:56:29.667796 - Found COPYMO85.txt (text/plain) in CBT.V505.FILE847.PDS, moved to PDS/COPYMO85
2023-08-06 07:56:29.669098 - Found COPYMO86.txt (text/plain) in CBT.V505.FILE847.PDS, moved to PDS/COPYMO86
2023-08-06 07:56:29.670881 - Found COPYMO88.txt (text/plain) in CBT.V505.FILE847.PDS, moved to PDS/COPYMO88
2023-08-06 07:56:29.959672 - Found LOADLIB.xmi (application/xmit) in CBT.V505.FILE847.PDS
2023-08-06 07:56:30.043818   - Received RECFM=U data, stored XMIT file as CBT847/LOADLIB.xmi
